build 2/app 2/intermediates/manifest_merge_blame_file/debug/manifest-merger-blame-debug-report.txt
1<?xml version="1.0" encoding="utf-8"?>
2<manifest xmlns:android="http://schemas.android.com/apk/res/android"
3    package="com.hantubanyu.billing"
4    android:versionCode="1"
5    android:versionName="1.0.0" >
6
7    <uses-sdk
8        android:minSdkVersion="19"
9        android:targetSdkVersion="28" />
10    <!--
11         Flutter needs it to communicate with the running application
12         to allow setting breakpoints, to provide hot reload, etc.
13    -->
14    <uses-permission android:name="android.permission.INTERNET" />
14-->src/main/AndroidManifest.xml:8:5-67
14-->src/main/AndroidManifest.xml:8:22-64
15    <uses-permission android:name="android.permission.ACCESS_NETWORK_STATE" />
15-->src/main/AndroidManifest.xml:9:5-79
15-->src/main/AndroidManifest.xml:9:22-76
16    <uses-permission android:name="android.permission.WRITE_EXTERNAL_STORAGE" />
16-->src/main/AndroidManifest.xml:10:5-81
16-->src/main/AndroidManifest.xml:10:22-78
17    <uses-permission android:name="android.permission.READ_EXTERNAL_STORAGE" />
17-->src/main/AndroidManifest.xml:11:5-80
17-->src/main/AndroidManifest.xml:11:22-77
18    <uses-permission android:name="android.permission.CAMERA" />
18-->src/main/AndroidManifest.xml:12:5-65
18-->src/main/AndroidManifest.xml:12:22-62
19    <uses-permission android:name="android.permission.REQUEST_INSTALL_PACKAGES" />
19-->[:open_file] AndroidManifest.xml:8:5-83
19-->[:open_file] AndroidManifest.xml:8:22-80
20
21    <application
21-->src/main/AndroidManifest.xml:13:5-51:19
22        android:name="io.flutter.app.FlutterApplication"
22-->src/main/AndroidManifest.xml:14:9-57
23        android:appComponentFactory="androidx.core.app.CoreComponentFactory"
23-->[androidx.core:core:1.1.0] AndroidManifest.xml:24:18-86
24        android:debuggable="true"
25        android:icon="@mipmap/ic_launcher"
25-->src/main/AndroidManifest.xml:16:9-43
26        android:label="billing" >
26-->src/main/AndroidManifest.xml:15:9-32
27        <activity
27-->src/main/AndroidManifest.xml:17:9-45:20
28            android:name="com.example.billing.MainActivity"
28-->src/main/AndroidManifest.xml:18:13-41
29            android:configChanges="orientation|keyboardHidden|keyboard|screenSize|smallestScreenSize|locale|layoutDirection|fontScale|screenLayout|density|uiMode"
29-->src/main/AndroidManifest.xml:21:13-163
30            android:hardwareAccelerated="true"
30-->src/main/AndroidManifest.xml:22:13-47
31            android:launchMode="singleTop"
31-->src/main/AndroidManifest.xml:19:13-43
32            android:theme="@style/LaunchTheme"
32-->src/main/AndroidManifest.xml:20:13-47
33            android:windowSoftInputMode="adjustResize" >
33-->src/main/AndroidManifest.xml:23:13-55
34
35            <!--
36                 Specifies an Android theme to apply to this Activity as soon as
37                 the Android process has started. This theme is visible to the user
38                 while the Flutter UI initializes. After that, this theme continues
39                 to determine the Window background behind the Flutter UI.
40            -->
41            <meta-data
41-->src/main/AndroidManifest.xml:28:13-31:17
42                android:name="io.flutter.embedding.android.NormalTheme"
42-->src/main/AndroidManifest.xml:29:15-70
43                android:resource="@style/NormalTheme" />
43-->src/main/AndroidManifest.xml:30:15-52
44            <!--
45                 Displays an Android View that continues showing the launch screen
46                 Drawable until Flutter paints its first frame, then this splash
47                 screen fades out. A splash screen is useful to avoid any visual
48                 gap between the end of Android's launch screen and the painting of
49                 Flutter's first frame.
50            -->
51            <meta-data
51-->src/main/AndroidManifest.xml:37:13-40:17
52                android:name="io.flutter.embedding.android.SplashScreenDrawable"
52-->src/main/AndroidManifest.xml:38:15-79
53                android:resource="@drawable/launch_background" />
53-->src/main/AndroidManifest.xml:39:15-61
54
55            <intent-filter>
55-->src/main/AndroidManifest.xml:41:13-44:29
56                <action android:name="android.intent.action.MAIN" />
56-->src/main/AndroidManifest.xml:42:17-68
56-->src/main/AndroidManifest.xml:42:25-66
57
58                <category android:name="android.intent.category.LAUNCHER" />
58-->src/main/AndroidManifest.xml:43:17-76
58-->src/main/AndroidManifest.xml:43:27-74
59            </intent-filter>
60        </activity>
61        <!--
62             Don't delete the meta-data below.
63             This is used by the Flutter tool to generate GeneratedPluginRegistrant.java
64        -->
65        <meta-data
65-->src/main/AndroidManifest.xml:48:9-50:33
66            android:name="flutterEmbedding"
66-->src/main/AndroidManifest.xml:49:13-44
67            android:value="2" />
67-->src/main/AndroidManifest.xml:50:13-30
68
69        <service
69-->[:cloud_firestore] AndroidManifest.xml:8:9-12:19
70            android:name="com.google.firebase.components.ComponentDiscoveryService"
70-->[:cloud_firestore] AndroidManifest.xml:8:18-89
71            android:directBootAware="true"
71-->[com.google.firebase:firebase-common:19.3.0] AndroidManifest.xml:34:13-43
72            android:exported="false" >
72-->[com.google.firebase:firebase-firestore:21.3.0] AndroidManifest.xml:19:13-37
73            <meta-data
73-->[:cloud_firestore] AndroidManifest.xml:9:13-11:85
74                android:name="com.google.firebase.components:io.flutter.plugins.firebase.cloudfirestore.FlutterFirebaseAppRegistrar"
74-->[:cloud_firestore] AndroidManifest.xml:10:17-133
75                android:value="com.google.firebase.components.ComponentRegistrar" />
75-->[:cloud_firestore] AndroidManifest.xml:11:17-82
76            <meta-data
76-->[:firebase_storage] AndroidManifest.xml:9:13-11:85
77                android:name="com.google.firebase.components:io.flutter.plugins.firebase.storage.FlutterFirebaseAppRegistrar"
77-->[:firebase_storage] AndroidManifest.xml:10:17-126
78                android:value="com.google.firebase.components.ComponentRegistrar" />
78-->[:firebase_storage] AndroidManifest.xml:11:17-82
79            <meta-data
79-->[:firebase_core] AndroidManifest.xml:9:13-11:85
80                android:name="com.google.firebase.components:io.flutter.plugins.firebase.core.FlutterFirebaseAppRegistrar"
80-->[:firebase_core] AndroidManifest.xml:10:17-123
81                android:value="com.google.firebase.components.ComponentRegistrar" />
81-->[:firebase_core] AndroidManifest.xml:11:17-82
82            <meta-data
82-->[com.google.firebase:firebase-firestore:21.3.0] AndroidManifest.xml:20:13-22:85
83                android:name="com.google.firebase.components:com.google.firebase.firestore.FirestoreRegistrar"
83-->[com.google.firebase:firebase-firestore:21.3.0] AndroidManifest.xml:21:17-111
84                android:value="com.google.firebase.components.ComponentRegistrar" />
84-->[com.google.firebase:firebase-firestore:21.3.0] AndroidManifest.xml:22:17-82
85            <meta-data
85-->[com.google.firebase:firebase-storage:17.0.0] AndroidManifest.xml:31:13-33:85
86                android:name="com.google.firebase.components:com.google.firebase.storage.StorageRegistrar"
86-->[com.google.firebase:firebase-storage:17.0.0] AndroidManifest.xml:32:17-107
87                android:value="com.google.firebase.components.ComponentRegistrar" />
87-->[com.google.firebase:firebase-storage:17.0.0] AndroidManifest.xml:33:17-82
88        </service>
89
90        <provider
90-->[:printing] AndroidManifest.xml:8:9-16:20
91            android:name="net.nfet.flutter.printing.PrintFileProvider"
91-->[:printing] AndroidManifest.xml:9:13-71
92            android:authorities="com.hantubanyu.billing.flutter.printing"
92-->[:printing] AndroidManifest.xml:10:13-68
93            android:exported="false"
93-->[:printing] AndroidManifest.xml:11:13-37
94            android:grantUriPermissions="true" >
94-->[:printing] AndroidManifest.xml:12:13-47
95            <meta-data
95-->[:printing] AndroidManifest.xml:13:13-15:71
96                android:name="android.support.FILE_PROVIDER_PATHS"
96-->[:printing] AndroidManifest.xml:14:17-67
97                android:resource="@xml/flutter_printing_file_paths" />
97-->[:printing] AndroidManifest.xml:15:17-68
98        </provider>
99        <provider
99-->[:open_file] AndroidManifest.xml:12:9-21:20
100            android:name="androidx.core.content.FileProvider"
100-->[:open_file] AndroidManifest.xml:13:13-62
101            android:authorities="com.hantubanyu.billing.fileProvider"
101-->[:open_file] AndroidManifest.xml:14:13-64
102            android:exported="false"
102-->[:open_file] AndroidManifest.xml:15:13-37
103            android:grantUriPermissions="true" >
103-->[:open_file] AndroidManifest.xml:16:13-47
104            <meta-data
104-->[:printing] AndroidManifest.xml:13:13-15:71
105                android:name="android.support.FILE_PROVIDER_PATHS"
105-->[:printing] AndroidManifest.xml:14:17-67
106                android:resource="@xml/filepaths" />
106-->[:printing] AndroidManifest.xml:15:17-68
107        </provider>
108        <provider
108-->[com.sangcomz:FishBun:0.11.2] AndroidManifest.xml:12:9-20:20
109            android:name="com.sangcomz.fishbun.FishBunFileProvider"
109-->[com.sangcomz:FishBun:0.11.2] AndroidManifest.xml:13:13-68
110            android:authorities="com.hantubanyu.billing.fishbunfileprovider"
110-->[com.sangcomz:FishBun:0.11.2] AndroidManifest.xml:14:13-71
111            android:exported="false"
111-->[com.sangcomz:FishBun:0.11.2] AndroidManifest.xml:15:13-37
112            android:grantUriPermissions="true" >
112-->[com.sangcomz:FishBun:0.11.2] AndroidManifest.xml:16:13-47
113            <meta-data
113-->[:printing] AndroidManifest.xml:13:13-15:71
114                android:name="android.support.FILE_PROVIDER_PATHS"
114-->[:printing] AndroidManifest.xml:14:17-67
115                android:resource="@xml/provider_paths" />
115-->[:printing] AndroidManifest.xml:15:17-68
116        </provider>
117
118        <activity
118-->[com.sangcomz:FishBun:0.11.2] AndroidManifest.xml:22:9-25:51
119            android:name="com.sangcomz.fishbun.ui.album.AlbumActivity"
119-->[com.sangcomz:FishBun:0.11.2] AndroidManifest.xml:23:13-71
120            android:label="@string/album"
120-->[com.sangcomz:FishBun:0.11.2] AndroidManifest.xml:24:13-42
121            android:theme="@style/FishBunTheme" />
121-->[com.sangcomz:FishBun:0.11.2] AndroidManifest.xml:25:13-48
122        <activity
122-->[com.sangcomz:FishBun:0.11.2] AndroidManifest.xml:26:9-28:51
123            android:name="com.sangcomz.fishbun.ui.picker.PickerActivity"
123-->[com.sangcomz:FishBun:0.11.2] AndroidManifest.xml:27:13-73
124            android:theme="@style/FishBunTheme" />
124-->[com.sangcomz:FishBun:0.11.2] AndroidManifest.xml:28:13-48
125        <activity
125-->[com.sangcomz:FishBun:0.11.2] AndroidManifest.xml:29:9-31:54
126            android:name="com.sangcomz.fishbun.ui.detail.DetailActivity"
126-->[com.sangcomz:FishBun:0.11.2] AndroidManifest.xml:30:13-73
127            android:theme="@style/DetailViewTheme" />
127-->[com.sangcomz:FishBun:0.11.2] AndroidManifest.xml:31:13-51
128
129        <provider
129-->[com.google.firebase:firebase-common:19.3.0] AndroidManifest.xml:26:9-30:39
130            android:name="com.google.firebase.provider.FirebaseInitProvider"
130-->[com.google.firebase:firebase-common:19.3.0] AndroidManifest.xml:27:13-77
131            android:authorities="com.hantubanyu.billing.firebaseinitprovider"
131-->[com.google.firebase:firebase-common:19.3.0] AndroidManifest.xml:28:13-72
132            android:exported="false"
132-->[com.google.firebase:firebase-common:19.3.0] AndroidManifest.xml:29:13-37
133            android:initOrder="100" />
133-->[com.google.firebase:firebase-common:19.3.0] AndroidManifest.xml:30:13-36
134
135        <activity
135-->[com.google.android.gms:play-services-base:17.0.0] AndroidManifest.xml:23:9-26:75
136            android:name="com.google.android.gms.common.api.GoogleApiActivity"
136-->[com.google.android.gms:play-services-base:17.0.0] AndroidManifest.xml:24:13-79
137            android:exported="false"
137-->[com.google.android.gms:play-services-base:17.0.0] AndroidManifest.xml:25:13-37
138            android:theme="@android:style/Theme.Translucent.NoTitleBar" />
138-->[com.google.android.gms:play-services-base:17.0.0] AndroidManifest.xml:26:13-72
139
140        <meta-data
140-->[com.google.android.gms:play-services-basement:17.0.0] AndroidManifest.xml:23:9-25:69
141            android:name="com.google.android.gms.version"
141-->[com.google.android.gms:play-services-basement:17.0.0] AndroidManifest.xml:24:13-58
142            android:value="@integer/google_play_services_version" />
142-->[com.google.android.gms:play-services-basement:17.0.0] AndroidManifest.xml:25:13-66
143    </application>
144
145</manifest>